# JRE version: OpenJDK Runtime Environment Temurin-17.0.6+10 (17.0.6+10) (build 17.0.6+10)
# Java VM: OpenJDK 64-Bit Server VM Temurin-17.0.6+10 (17.0.6+10, mixed mode, tiered, compressed oops, compressed class ptrs, parallel gc, windows-amd64)
GC Precious Log:
 CPUs: 4 total, 4 available
 Memory: 8017M
 Large Page Support: Disabled
 NUMA Support: Disabled
 Compressed Oops: Enabled (32-bit)
 Alignments: Space 512K, Generation 512K, Heap 2M
 Heap Min Capacity: 100M
 Heap Initial Capacity: 100M
 Heap Max Capacity: 1G
 Pre-touch: Disabled
 Parallel Workers: 4
Heap:
 PSYoungGen      total 20992K, used 4436K [0x00000000eab00000, 0x00000000ec300000, 0x0000000100000000)
  eden space 20480K, 19% used [0x00000000eab00000,0x00000000eaef7328,0x00000000ebf00000)
  from space 512K, 73% used [0x00000000ec280000,0x00000000ec2ddf50,0x00000000ec300000)
  to   space 1024K, 0% used [0x00000000ec100000,0x00000000ec100000,0x00000000ec200000)
 ParOldGen       total 68608K, used 32922K [0x00000000c0000000, 0x00000000c4300000, 0x00000000eab00000)
  object space 68608K, 47% used [0x00000000c0000000,0x00000000c2026848,0x00000000c4300000)
 Metaspace       used 56863K, committed 57728K, reserved 1105920K
  class space    used 6212K, committed 6592K, reserved 1048576K
GC Heap History (20 events):
Event: 23.314 GC heap before
{Heap before GC invocations=17 (full 2):
 PSYoungGen      total 24064K, used 23373K [0x00000000eab00000, 0x00000000ec500000, 0x0000000100000000)
  eden space 22016K, 99% used [0x00000000eab00000,0x00000000ec050ea0,0x00000000ec080000)
  from space 2048K, 75% used [0x00000000ec300000,0x00000000ec482928,0x00000000ec500000)
  to   space 2048K, 0% used [0x00000000ec100000,0x00000000ec100000,0x00000000ec300000)
 ParOldGen       total 68608K, used 18074K [0x00000000c0000000, 0x00000000c4300000, 0x00000000eab00000)
  object space 68608K, 26% used [0x00000000c0000000,0x00000000c11a6938,0x00000000c4300000)
 Metaspace       used 50093K, committed 50880K, reserved 1097728K
  class space    used 5447K, committed 5824K, reserved 1048576K
}
Event: 23.322 GC heap after
{Heap after GC invocations=17 (full 2):
 PSYoungGen      total 24064K, used 1888K [0x00000000eab00000, 0x00000000ec480000, 0x0000000100000000)
  eden space 22016K, 0% used [0x00000000eab00000,0x00000000eab00000,0x00000000ec080000)
  from space 2048K, 92% used [0x00000000ec100000,0x00000000ec2d8020,0x00000000ec300000)
  to   space 1536K, 0% used [0x00000000ec300000,0x00000000ec300000,0x00000000ec480000)
 ParOldGen       total 68608K, used 19527K [0x00000000c0000000, 0x00000000c4300000, 0x00000000eab00000)
  object space 68608K, 28% used [0x00000000c0000000,0x00000000c1311ff0,0x00000000c4300000)
 Metaspace       used 50093K, committed 50880K, reserved 1097728K
  class space    used 5447K, committed 5824K, reserved 1048576K
}
Event: 24.178 GC heap before
{Heap before GC invocations=18 (full 2):
 PSYoungGen      total 24064K, used 23904K [0x00000000eab00000, 0x00000000ec480000, 0x0000000100000000)
  eden space 22016K, 100% used [0x00000000eab00000,0x00000000ec080000,0x00000000ec080000)
  from space 2048K, 92% used [0x00000000ec100000,0x00000000ec2d8020,0x00000000ec300000)
  to   space 1536K, 0% used [0x00000000ec300000,0x00000000ec300000,0x00000000ec480000)
 ParOldGen       total 68608K, used 19527K [0x00000000c0000000, 0x00000000c4300000, 0x00000000eab00000)
  object space 68608K, 28% used [0x00000000c0000000,0x00000000c1311ff0,0x00000000c4300000)
 Metaspace       used 50493K, committed 51328K, reserved 1097728K
  class space    used 5500K, committed 5888K, reserved 1048576K
}
Event: 24.187 GC heap after
{Heap after GC invocations=18 (full 2):
 PSYoungGen      total 22016K, used 1504K [0x00000000eab00000, 0x00000000ec880000, 0x0000000100000000)
  eden space 20480K, 0% used [0x00000000eab00000,0x00000000eab00000,0x00000000ebf00000)
  from space 1536K, 97% used [0x00000000ec300000,0x00000000ec478010,0x00000000ec480000)
  to   space 4096K, 0% used [0x00000000ebf00000,0x00000000ebf00000,0x00000000ec300000)
 ParOldGen       total 68608K, used 21385K [0x00000000c0000000, 0x00000000c4300000, 0x00000000eab00000)
  object space 68608K, 31% used [0x00000000c0000000,0x00000000c14e2638,0x00000000c4300000)
 Metaspace       used 50493K, committed 51328K, reserved 1097728K
  class space    used 5500K, committed 5888K, reserved 1048576K
}
Event: 24.740 GC heap before
{Heap before GC invocations=19 (full 2):
 PSYoungGen      total 22016K, used 21984K [0x00000000eab00000, 0x00000000ec880000, 0x0000000100000000)
  eden space 20480K, 100% used [0x00000000eab00000,0x00000000ebf00000,0x00000000ebf00000)
  from space 1536K, 97% used [0x00000000ec300000,0x00000000ec478010,0x00000000ec480000)
  to   space 4096K, 0% used [0x00000000ebf00000,0x00000000ebf00000,0x00000000ec300000)
 ParOldGen       total 68608K, used 21385K [0x00000000c0000000, 0x00000000c4300000, 0x00000000eab00000)
  object space 68608K, 31% used [0x00000000c0000000,0x00000000c14e2638,0x00000000c4300000)
 Metaspace       used 50676K, committed 51456K, reserved 1097728K
  class space    used 5530K, committed 5888K, reserved 1048576K
}
Event: 24.750 GC heap after
{Heap after GC invocations=19 (full 2):
 PSYoungGen      total 23040K, used 2272K [0x00000000eab00000, 0x00000000ec500000, 0x0000000100000000)
  eden space 20480K, 0% used [0x00000000eab00000,0x00000000eab00000,0x00000000ebf00000)
  from space 2560K, 88% used [0x00000000ebf00000,0x00000000ec138090,0x00000000ec180000)
  to   space 3072K, 0% used [0x00000000ec200000,0x00000000ec200000,0x00000000ec500000)
 ParOldGen       total 68608K, used 22894K [0x00000000c0000000, 0x00000000c4300000, 0x00000000eab00000)
  object space 68608K, 33% used [0x00000000c0000000,0x00000000c165b9a0,0x00000000c4300000)
 Metaspace       used 50676K, committed 51456K, reserved 1097728K
  class space    used 5530K, committed 5888K, reserved 1048576K
}
Event: 25.485 GC heap before
{Heap before GC invocations=20 (full 2):
 PSYoungGen      total 23040K, used 22752K [0x00000000eab00000, 0x00000000ec500000, 0x0000000100000000)
  eden space 20480K, 100% used [0x00000000eab00000,0x00000000ebf00000,0x00000000ebf00000)
  from space 2560K, 88% used [0x00000000ebf00000,0x00000000ec138090,0x00000000ec180000)
  to   space 3072K, 0% used [0x00000000ec200000,0x00000000ec200000,0x00000000ec500000)
 ParOldGen       total 68608K, used 22894K [0x00000000c0000000, 0x00000000c4300000, 0x00000000eab00000)
  object space 68608K, 33% used [0x00000000c0000000,0x00000000c165b9a0,0x00000000c4300000)
 Metaspace       used 50892K, committed 51776K, reserved 1097728K
  class space    used 5571K, committed 5952K, reserved 1048576K
}
Event: 25.494 GC heap after
{Heap after GC invocations=20 (full 2):
 PSYoungGen      total 22528K, used 1900K [0x00000000eab00000, 0x00000000ec400000, 0x0000000100000000)
  eden space 20480K, 0% used [0x00000000eab00000,0x00000000eab00000,0x00000000ebf00000)
  from space 2048K, 92% used [0x00000000ec200000,0x00000000ec3db398,0x00000000ec400000)
  to   space 2560K, 0% used [0x00000000ebf00000,0x00000000ebf00000,0x00000000ec180000)
 ParOldGen       total 68608K, used 25077K [0x00000000c0000000, 0x00000000c4300000, 0x00000000eab00000)
  object space 68608K, 36% used [0x00000000c0000000,0x00000000c187d708,0x00000000c4300000)
 Metaspace       used 50892K, committed 51776K, reserved 1097728K
  class space    used 5571K, committed 5952K, reserved 1048576K
}
Event: 25.703 GC heap before
{Heap before GC invocations=21 (full 2):
 PSYoungGen      total 22528K, used 22380K [0x00000000eab00000, 0x00000000ec400000, 0x0000000100000000)
  eden space 20480K, 100% used [0x00000000eab00000,0x00000000ebf00000,0x00000000ebf00000)
  from space 2048K, 92% used [0x00000000ec200000,0x00000000ec3db398,0x00000000ec400000)
  to   space 2560K, 0% used [0x00000000ebf00000,0x00000000ebf00000,0x00000000ec180000)
 ParOldGen       total 68608K, used 25077K [0x00000000c0000000, 0x00000000c4300000, 0x00000000eab00000)
  object space 68608K, 36% used [0x00000000c0000000,0x00000000c187d708,0x00000000c4300000)
 Metaspace       used 50935K, committed 51776K, reserved 1097728K
  class space    used 5575K, committed 5952K, reserved 1048576K
}
Event: 25.717 GC heap after
{Heap after GC invocations=21 (full 2):
 PSYoungGen      total 23040K, used 2528K [0x00000000eab00000, 0x00000000ec900000, 0x0000000100000000)
  eden space 20480K, 0% used [0x00000000eab00000,0x00000000eab00000,0x00000000ebf00000)
  from space 2560K, 98% used [0x00000000ebf00000,0x00000000ec178010,0x00000000ec180000)
  to   space 5120K, 0% used [0x00000000ec400000,0x00000000ec400000,0x00000000ec900000)
 ParOldGen       total 68608K, used 26821K [0x00000000c0000000, 0x00000000c4300000, 0x00000000eab00000)
  object space 68608K, 39% used [0x00000000c0000000,0x00000000c1a31708,0x00000000c4300000)
 Metaspace       used 50935K, committed 51776K, reserved 1097728K
  class space    used 5575K, committed 5952K, reserved 1048576K
}
Event: 26.091 GC heap before
{Heap before GC invocations=22 (full 2):
 PSYoungGen      total 23040K, used 23008K [0x00000000eab00000, 0x00000000ec900000, 0x0000000100000000)
  eden space 20480K, 100% used [0x00000000eab00000,0x00000000ebf00000,0x00000000ebf00000)
  from space 2560K, 98% used [0x00000000ebf00000,0x00000000ec178010,0x00000000ec180000)
  to   space 5120K, 0% used [0x00000000ec400000,0x00000000ec400000,0x00000000ec900000)
 ParOldGen       total 68608K, used 26821K [0x00000000c0000000, 0x00000000c4300000, 0x00000000eab00000)
  object space 68608K, 39% used [0x00000000c0000000,0x00000000c1a31708,0x00000000c4300000)
 Metaspace       used 51075K, committed 51904K, reserved 1097728K
  class space    used 5583K, committed 5952K, reserved 1048576K
}
Event: 26.104 GC heap after
{Heap after GC invocations=22 (full 2):
 PSYoungGen      total 23040K, used 2464K [0x00000000eab00000, 0x00000000ec680000, 0x0000000100000000)
  eden space 20480K, 0% used [0x00000000eab00000,0x00000000eab00000,0x00000000ebf00000)
  from space 2560K, 96% used [0x00000000ec400000,0x00000000ec668000,0x00000000ec680000)
  to   space 3584K, 0% used [0x00000000ebf80000,0x00000000ebf80000,0x00000000ec300000)
 ParOldGen       total 68608K, used 29357K [0x00000000c0000000, 0x00000000c4300000, 0x00000000eab00000)
  object space 68608K, 42% used [0x00000000c0000000,0x00000000c1cab718,0x00000000c4300000)
 Metaspace       used 51075K, committed 51904K, reserved 1097728K
  class space    used 5583K, committed 5952K, reserved 1048576K
}
Event: 30.695 GC heap before
{Heap before GC invocations=23 (full 2):
 PSYoungGen      total 23040K, used 22944K [0x00000000eab00000, 0x00000000ec680000, 0x0000000100000000)
  eden space 20480K, 100% used [0x00000000eab00000,0x00000000ebf00000,0x00000000ebf00000)
  from space 2560K, 96% used [0x00000000ec400000,0x00000000ec668000,0x00000000ec680000)
  to   space 3584K, 0% used [0x00000000ebf80000,0x00000000ebf80000,0x00000000ec300000)
 ParOldGen       total 68608K, used 29357K [0x00000000c0000000, 0x00000000c4300000, 0x00000000eab00000)
  object space 68608K, 42% used [0x00000000c0000000,0x00000000c1cab718,0x00000000c4300000)
 Metaspace       used 53498K, committed 54336K, reserved 1097728K
  class space    used 5844K, committed 6208K, reserved 1048576K
}
Event: 30.704 GC heap after
{Heap after GC invocations=23 (full 2):
 PSYoungGen      total 24064K, used 646K [0x00000000eab00000, 0x00000000ec480000, 0x0000000100000000)
  eden space 20480K, 0% used [0x00000000eab00000,0x00000000eab00000,0x00000000ebf00000)
  from space 3584K, 18% used [0x00000000ebf80000,0x00000000ec021ab0,0x00000000ec300000)
  to   space 1536K, 0% used [0x00000000ec300000,0x00000000ec300000,0x00000000ec480000)
 ParOldGen       total 68608K, used 31739K [0x00000000c0000000, 0x00000000c4300000, 0x00000000eab00000)
  object space 68608K, 46% used [0x00000000c0000000,0x00000000c1efef98,0x00000000c4300000)
 Metaspace       used 53498K, committed 54336K, reserved 1097728K
  class space    used 5844K, committed 6208K, reserved 1048576K
}
Event: 34.537 GC heap before
{Heap before GC invocations=24 (full 2):
 PSYoungGen      total 24064K, used 21092K [0x00000000eab00000, 0x00000000ec480000, 0x0000000100000000)
  eden space 20480K, 99% used [0x00000000eab00000,0x00000000ebef7788,0x00000000ebf00000)
  from space 3584K, 18% used [0x00000000ebf80000,0x00000000ec021ab0,0x00000000ec300000)
  to   space 1536K, 0% used [0x00000000ec300000,0x00000000ec300000,0x00000000ec480000)
 ParOldGen       total 68608K, used 31739K [0x00000000c0000000, 0x00000000c4300000, 0x00000000eab00000)
  object space 68608K, 46% used [0x00000000c0000000,0x00000000c1efef98,0x00000000c4300000)
 Metaspace       used 54615K, committed 55424K, reserved 1105920K
  class space    used 5964K, committed 6336K, reserved 1048576K
}
Event: 34.541 GC heap after
{Heap after GC invocations=24 (full 2):
 PSYoungGen      total 22016K, used 1336K [0x00000000eab00000, 0x00000000ec480000, 0x0000000100000000)
  eden space 20480K, 0% used [0x00000000eab00000,0x00000000eab00000,0x00000000ebf00000)
  from space 1536K, 87% used [0x00000000ec300000,0x00000000ec44e2a0,0x00000000ec480000)
  to   space 1536K, 0% used [0x00000000ec180000,0x00000000ec180000,0x00000000ec300000)
 ParOldGen       total 68608K, used 32297K [0x00000000c0000000, 0x00000000c4300000, 0x00000000eab00000)
  object space 68608K, 47% used [0x00000000c0000000,0x00000000c1f8a6c8,0x00000000c4300000)
 Metaspace       used 54615K, committed 55424K, reserved 1105920K
  class space    used 5964K, committed 6336K, reserved 1048576K
}
Event: 35.414 GC heap before
{Heap before GC invocations=25 (full 2):
 PSYoungGen      total 22016K, used 21816K [0x00000000eab00000, 0x00000000ec480000, 0x0000000100000000)
  eden space 20480K, 100% used [0x00000000eab00000,0x00000000ebf00000,0x00000000ebf00000)
  from space 1536K, 87% used [0x00000000ec300000,0x00000000ec44e2a0,0x00000000ec480000)
  to   space 1536K, 0% used [0x00000000ec180000,0x00000000ec180000,0x00000000ec300000)
 ParOldGen       total 68608K, used 32297K [0x00000000c0000000, 0x00000000c4300000, 0x00000000eab00000)
  object space 68608K, 47% used [0x00000000c0000000,0x00000000c1f8a6c8,0x00000000c4300000)
 Metaspace       used 54678K, committed 55488K, reserved 1105920K
  class space    used 5967K, committed 6336K, reserved 1048576K
}
Event: 35.417 GC heap after
{Heap after GC invocations=25 (full 2):
 PSYoungGen      total 21504K, used 830K [0x00000000eab00000, 0x00000000ec380000, 0x0000000100000000)
  eden space 20480K, 0% used [0x00000000eab00000,0x00000000eab00000,0x00000000ebf00000)
  from space 1024K, 81% used [0x00000000ec180000,0x00000000ec24fb28,0x00000000ec280000)
  to   space 1024K, 0% used [0x00000000ec280000,0x00000000ec280000,0x00000000ec380000)
 ParOldGen       total 68608K, used 32890K [0x00000000c0000000, 0x00000000c4300000, 0x00000000eab00000)
  object space 68608K, 47% used [0x00000000c0000000,0x00000000c201e848,0x00000000c4300000)
 Metaspace       used 54678K, committed 55488K, reserved 1105920K
  class space    used 5967K, committed 6336K, reserved 1048576K
}
Event: 38.516 GC heap before
{Heap before GC invocations=26 (full 2):
 PSYoungGen      total 21504K, used 21310K [0x00000000eab00000, 0x00000000ec380000, 0x0000000100000000)
  eden space 20480K, 100% used [0x00000000eab00000,0x00000000ebf00000,0x00000000ebf00000)
  from space 1024K, 81% used [0x00000000ec180000,0x00000000ec24fb28,0x00000000ec280000)
  to   space 1024K, 0% used [0x00000000ec280000,0x00000000ec280000,0x00000000ec380000)
 ParOldGen       total 68608K, used 32890K [0x00000000c0000000, 0x00000000c4300000, 0x00000000eab00000)
  object space 68608K, 47% used [0x00000000c0000000,0x00000000c201e848,0x00000000c4300000)
 Metaspace       used 56305K, committed 57088K, reserved 1105920K
  class space    used 6133K, committed 6464K, reserved 1048576K
}
Event: 38.518 GC heap after
{Heap after GC invocations=26 (full 2):
 PSYoungGen      total 20992K, used 375K [0x00000000eab00000, 0x00000000ec300000, 0x0000000100000000)
  eden space 20480K, 0% used [0x00000000eab00000,0x00000000eab00000,0x00000000ebf00000)
  from space 512K, 73% used [0x00000000ec280000,0x00000000ec2ddf50,0x00000000ec300000)
  to   space 1024K, 0% used [0x00000000ec100000,0x00000000ec100000,0x00000000ec200000)
 ParOldGen       total 68608K, used 32922K [0x00000000c0000000, 0x00000000c4300000, 0x00000000eab00000)
  object space 68608K, 47% used [0x00000000c0000000,0x00000000c2026848,0x00000000c4300000)
 Metaspace       used 56305K, committed 57088K, reserved 1105920K
  class space    used 6133K, committed 6464K, reserved 1048576K
}

